2022-06-18 09:41:02,259 [INFO    ] <Logger>: charger:128: ##################################################
2022-06-18 09:41:02,259 [INFO    ] <Logger>: charger:129: ############# - Request for bootNotification
2022-06-18 09:41:02,259 [INFO    ] <Logger>: charger:130: ##################################################
2022-06-18 09:41:02,259 [INFO    ] <Logger>: charger:400: >>>>>>>>>>송신 헤더>>>>>>>>>>
2022-06-18 09:41:02,259 [INFO    ] <Logger>: charger:401: {'Content-type': 'application/json', 'Accept': 'application/json', 'Cache-Control': 'no-cache', 'Pragma': 'no-cache', 'X-EVC-RI': '20220618094102259_boot', 'X-EVC-BOX': '115000001010A', 'X-EVC-MDL': 'LGE-123', 'X-EVC-OS': 'Linux 5.5'}
2022-06-18 09:41:02,259 [INFO    ] <Logger>: charger:402: >>>>>>>>>>송신 BODY>>>>>>>>>>
2022-06-18 09:41:02,259 [INFO    ] <Logger>: charger:403: {"reason": "PowerUp", "chargePointSerialNumber": "C2313123131231232", "chargePointVendor": "LGE", "chargePointModel": "LGE2323211", "firmwareVersion": "V1.3", "lccid": "usim121331", "imsi": "01023224444", "meterSerialNumber": "CNTER23123123", "rssi": "-80", "entityId": "M2M2442"}
2022-06-18 09:41:02,384 [INFO    ] <Logger>: charger:412: <<<<<<<<<<수신 DATA<<<<<<<<<<
2022-06-18 09:41:02,384 [INFO    ] <Logger>: charger:413: {'status': 'Reserved', 'currentTime': '2022-06-18T00:41:02Z', 'interval': -1}
2022-06-18 09:41:02,900 [INFO    ] <Logger>: charger:480: ====================최종 충전기 내부 변수 상태==================
2022-06-18 09:41:02,900 [INFO    ] <Logger>: charger:481: {'transactionId': None, 'heartbeatInterval': -1, 'vendorId': 'LGE', 'connectorId': '0', 'status': 'Reserved', 'errorCode': None, 'bootNotification_reason': 'PowerUp', 'stopTransaction_reason': None, 'statusNotification_reason': None, 'cmeter': 103522, 'meterStart': 103522, 'meterStop': 0, 'idTag': None, 'X-EVC-MDL': 'LGE-123', 'X-EVC-BOX': '115000001010A', 'X-EVC-OS': 'Linux 5.5', 'tariff': None, 'responseFailure': None}
2022-06-18 09:41:02,900 [INFO    ] <Logger>: charger:482: ============================================================
2022-06-18 09:41:02,900 [INFO    ] <Logger>: charger:128: ##################################################
2022-06-18 09:41:02,900 [INFO    ] <Logger>: charger:129: ############# - Request for statusNotification
2022-06-18 09:41:02,900 [INFO    ] <Logger>: charger:130: ##################################################
2022-06-18 09:41:02,900 [INFO    ] <Logger>: charger:400: >>>>>>>>>>송신 헤더>>>>>>>>>>
2022-06-18 09:41:02,900 [INFO    ] <Logger>: charger:401: {'Content-type': 'application/json', 'Accept': 'application/json', 'Cache-Control': 'no-cache', 'Pragma': 'no-cache', 'X-EVC-RI': '20220618094102259_boot', 'X-EVC-BOX': '115000001010A', 'X-EVC-MDL': 'LGE-123', 'X-EVC-OS': 'Linux 5.5'}
2022-06-18 09:41:02,900 [INFO    ] <Logger>: charger:402: >>>>>>>>>>송신 BODY>>>>>>>>>>
2022-06-18 09:41:02,900 [INFO    ] <Logger>: charger:403: {"connectorId": "0", "errorCode": "NoError", "info": {"reason": "None", "cpv": 100, "rv": 11}, "status": "Available", "timestamp": "2022-06-18T09:41:02Z", "vendorErrorCode": "", "vendorId": "LGE"}
2022-06-18 09:41:02,978 [INFO    ] <Logger>: charger:412: <<<<<<<<<<수신 DATA<<<<<<<<<<
2022-06-18 09:41:02,978 [INFO    ] <Logger>: charger:413: {}
2022-06-18 09:41:03,493 [INFO    ] <Logger>: charger:480: ====================최종 충전기 내부 변수 상태==================
2022-06-18 09:41:03,493 [INFO    ] <Logger>: charger:481: {'transactionId': None, 'heartbeatInterval': -1, 'vendorId': 'LGE', 'connectorId': '0', 'status': 'Available', 'errorCode': 'NoError', 'bootNotification_reason': 'PowerUp', 'stopTransaction_reason': None, 'statusNotification_reason': 'None', 'cmeter': 103522, 'meterStart': 103522, 'meterStop': 0, 'idTag': None, 'X-EVC-MDL': 'LGE-123', 'X-EVC-BOX': '115000001010A', 'X-EVC-OS': 'Linux 5.5', 'tariff': None, 'responseFailure': None}
2022-06-18 09:41:03,493 [INFO    ] <Logger>: charger:482: ============================================================
2022-06-18 09:41:03,493 [INFO    ] <Logger>: charger:128: ##################################################
2022-06-18 09:41:03,493 [INFO    ] <Logger>: charger:129: ############# - Request for authorize
2022-06-18 09:41:03,493 [INFO    ] <Logger>: charger:130: ##################################################
2022-06-18 09:41:03,493 [INFO    ] <Logger>: charger:400: >>>>>>>>>>송신 헤더>>>>>>>>>>
2022-06-18 09:41:03,493 [INFO    ] <Logger>: charger:401: {'Content-type': 'application/json', 'Accept': 'application/json', 'Cache-Control': 'no-cache', 'Pragma': 'no-cache', 'X-EVC-RI': '20220618094103493_card', 'X-EVC-BOX': '115000001010A', 'X-EVC-MDL': 'LGE-123', 'X-EVC-OS': 'Linux 5.5'}
2022-06-18 09:41:03,493 [INFO    ] <Logger>: charger:402: >>>>>>>>>>송신 BODY>>>>>>>>>>
2022-06-18 09:41:03,493 [INFO    ] <Logger>: charger:403: {"idTag": "1010202030306060"}
2022-06-18 09:41:03,571 [INFO    ] <Logger>: charger:412: <<<<<<<<<<수신 DATA<<<<<<<<<<
2022-06-18 09:41:03,571 [INFO    ] <Logger>: charger:413: {'idTagInfo': {'status': 'Accepted'}}
2022-06-18 09:41:03,571 [WARNING ] <Logger>: charger:275: No Response Item 'expiryDate'(Optional)
2022-06-18 09:41:03,571 [WARNING ] <Logger>: charger:275: No Response Item 'parentIdTag'(Optional)
2022-06-18 09:41:04,078 [INFO    ] <Logger>: charger:480: ====================최종 충전기 내부 변수 상태==================
2022-06-18 09:41:04,078 [INFO    ] <Logger>: charger:481: {'transactionId': None, 'heartbeatInterval': -1, 'vendorId': 'LGE', 'connectorId': '0', 'status': 'Accepted', 'errorCode': 'NoError', 'bootNotification_reason': 'PowerUp', 'stopTransaction_reason': None, 'statusNotification_reason': 'None', 'cmeter': 103522, 'meterStart': 103522, 'meterStop': 0, 'idTag': '1010202030306060', 'X-EVC-MDL': 'LGE-123', 'X-EVC-BOX': '115000001010A', 'X-EVC-OS': 'Linux 5.5', 'tariff': None, 'responseFailure': None}
2022-06-18 09:41:04,078 [INFO    ] <Logger>: charger:482: ============================================================
2022-06-18 09:41:04,078 [INFO    ] <Logger>: charger:128: ##################################################
2022-06-18 09:41:04,078 [INFO    ] <Logger>: charger:129: ############# - Request for statusNotification
2022-06-18 09:41:04,078 [INFO    ] <Logger>: charger:130: ##################################################
2022-06-18 09:41:04,078 [INFO    ] <Logger>: charger:400: >>>>>>>>>>송신 헤더>>>>>>>>>>
2022-06-18 09:41:04,078 [INFO    ] <Logger>: charger:401: {'Content-type': 'application/json', 'Accept': 'application/json', 'Cache-Control': 'no-cache', 'Pragma': 'no-cache', 'X-EVC-RI': '20220618094103493_card', 'X-EVC-BOX': '115000001010A', 'X-EVC-MDL': 'LGE-123', 'X-EVC-OS': 'Linux 5.5'}
2022-06-18 09:41:04,078 [INFO    ] <Logger>: charger:402: >>>>>>>>>>송신 BODY>>>>>>>>>>
2022-06-18 09:41:04,078 [INFO    ] <Logger>: charger:403: {"connectorId": "0", "errorCode": "NoError", "info": {"reason": "None", "cpv": 100, "rv": 11}, "status": "Preparing", "timestamp": "2022-06-18T09:41:04Z", "vendorErrorCode": "", "vendorId": "LGE"}
2022-06-18 09:41:04,157 [INFO    ] <Logger>: charger:412: <<<<<<<<<<수신 DATA<<<<<<<<<<
2022-06-18 09:41:04,157 [INFO    ] <Logger>: charger:413: {}
2022-06-18 09:41:04,672 [INFO    ] <Logger>: charger:480: ====================최종 충전기 내부 변수 상태==================
2022-06-18 09:41:04,672 [INFO    ] <Logger>: charger:481: {'transactionId': None, 'heartbeatInterval': -1, 'vendorId': 'LGE', 'connectorId': '0', 'status': 'Preparing', 'errorCode': 'NoError', 'bootNotification_reason': 'PowerUp', 'stopTransaction_reason': None, 'statusNotification_reason': 'None', 'cmeter': 103522, 'meterStart': 103522, 'meterStop': 0, 'idTag': '1010202030306060', 'X-EVC-MDL': 'LGE-123', 'X-EVC-BOX': '115000001010A', 'X-EVC-OS': 'Linux 5.5', 'tariff': None, 'responseFailure': None}
2022-06-18 09:41:04,672 [INFO    ] <Logger>: charger:482: ============================================================
2022-06-18 09:41:04,672 [INFO    ] <Logger>: charger:128: ##################################################
2022-06-18 09:41:04,672 [INFO    ] <Logger>: charger:129: ############# - Request for dataTransferTariff
2022-06-18 09:41:04,672 [INFO    ] <Logger>: charger:130: ##################################################
2022-06-18 09:41:04,672 [INFO    ] <Logger>: charger:400: >>>>>>>>>>송신 헤더>>>>>>>>>>
2022-06-18 09:41:04,672 [INFO    ] <Logger>: charger:401: {'Content-type': 'application/json', 'Accept': 'application/json', 'Cache-Control': 'no-cache', 'Pragma': 'no-cache', 'X-EVC-RI': '20220618094103493_card', 'X-EVC-BOX': '115000001010A', 'X-EVC-MDL': 'LGE-123', 'X-EVC-OS': 'Linux 5.5'}
2022-06-18 09:41:04,672 [INFO    ] <Logger>: charger:402: >>>>>>>>>>송신 BODY>>>>>>>>>>
2022-06-18 09:41:04,672 [INFO    ] <Logger>: charger:403: {"venderId": "LG", "messageId": "Tariff", "data": {"connectorId": "0", "idTag": "1010202030306060", "timestamp": "2022-06-18T09:41:04Z"}}
2022-06-18 09:41:04,797 [ERROR   ] <Logger>: charger:407: Internal Service Error or No Available Service. [404]
2022-06-18 09:41:05,297 [INFO    ] <Logger>: charger:480: ====================최종 충전기 내부 변수 상태==================
2022-06-18 09:41:05,297 [INFO    ] <Logger>: charger:481: {'transactionId': None, 'heartbeatInterval': -1, 'vendorId': 'LGE', 'connectorId': '0', 'status': 'ServerError', 'errorCode': 'NoError', 'bootNotification_reason': 'PowerUp', 'stopTransaction_reason': None, 'statusNotification_reason': 'None', 'cmeter': 103522, 'meterStart': 103522, 'meterStop': 0, 'idTag': '1010202030306060', 'X-EVC-MDL': 'LGE-123', 'X-EVC-BOX': '115000001010A', 'X-EVC-OS': 'Linux 5.5', 'tariff': None, 'responseFailure': None}
2022-06-18 09:41:05,297 [INFO    ] <Logger>: charger:482: ============================================================
2022-06-18 09:41:05,297 [INFO    ] <Logger>: charger:128: ##################################################
2022-06-18 09:41:05,297 [INFO    ] <Logger>: charger:129: ############# - Request for startTransaction
2022-06-18 09:41:05,297 [INFO    ] <Logger>: charger:130: ##################################################
2022-06-18 09:41:05,297 [INFO    ] <Logger>: charger:400: >>>>>>>>>>송신 헤더>>>>>>>>>>
2022-06-18 09:41:05,297 [INFO    ] <Logger>: charger:401: {'Content-type': 'application/json', 'Accept': 'application/json', 'Cache-Control': 'no-cache', 'Pragma': 'no-cache', 'X-EVC-RI': '20220618094103493_card', 'X-EVC-BOX': '115000001010A', 'X-EVC-MDL': 'LGE-123', 'X-EVC-OS': 'Linux 5.5'}
2022-06-18 09:41:05,297 [INFO    ] <Logger>: charger:402: >>>>>>>>>>송신 BODY>>>>>>>>>>
2022-06-18 09:41:05,297 [INFO    ] <Logger>: charger:403: {"idTag": "5555222233334444", "connectorId": "0", "meterStart": 103522, "timestamp": "2022-06-18T09:41:05Z"}
2022-06-18 09:41:05,375 [INFO    ] <Logger>: charger:412: <<<<<<<<<<수신 DATA<<<<<<<<<<
2022-06-18 09:41:05,375 [INFO    ] <Logger>: charger:413: {'idTagInfo': {'status': 'Accepted'}, 'transactionId': '2022061800001336'}
2022-06-18 09:41:05,375 [WARNING ] <Logger>: charger:275: No Response Item 'expiryDate'(Optional)
2022-06-18 09:41:05,375 [WARNING ] <Logger>: charger:275: No Response Item 'parentIdTag'(Optional)
2022-06-18 09:41:05,890 [INFO    ] <Logger>: charger:480: ====================최종 충전기 내부 변수 상태==================
2022-06-18 09:41:05,890 [INFO    ] <Logger>: charger:481: {'transactionId': '2022061800001336', 'heartbeatInterval': -1, 'vendorId': 'LGE', 'connectorId': '0', 'status': 'Accepted', 'errorCode': 'NoError', 'bootNotification_reason': 'PowerUp', 'stopTransaction_reason': None, 'statusNotification_reason': 'None', 'cmeter': 103522, 'meterStart': 103522, 'meterStop': 0, 'idTag': '1010202030306060', 'X-EVC-MDL': 'LGE-123', 'X-EVC-BOX': '115000001010A', 'X-EVC-OS': 'Linux 5.5', 'tariff': None, 'responseFailure': None}
2022-06-18 09:41:05,890 [INFO    ] <Logger>: charger:482: ============================================================
2022-06-18 09:41:05,890 [INFO    ] <Logger>: charger:128: ##################################################
2022-06-18 09:41:05,890 [INFO    ] <Logger>: charger:129: ############# - Request for statusNotification
2022-06-18 09:41:05,890 [INFO    ] <Logger>: charger:130: ##################################################
2022-06-18 09:41:05,890 [INFO    ] <Logger>: charger:400: >>>>>>>>>>송신 헤더>>>>>>>>>>
2022-06-18 09:41:05,890 [INFO    ] <Logger>: charger:401: {'Content-type': 'application/json', 'Accept': 'application/json', 'Cache-Control': 'no-cache', 'Pragma': 'no-cache', 'X-EVC-RI': '20220618094103493_card', 'X-EVC-BOX': '115000001010A', 'X-EVC-MDL': 'LGE-123', 'X-EVC-OS': 'Linux 5.5'}
2022-06-18 09:41:05,890 [INFO    ] <Logger>: charger:402: >>>>>>>>>>송신 BODY>>>>>>>>>>
2022-06-18 09:41:05,890 [INFO    ] <Logger>: charger:403: {"connectorId": "0", "errorCode": "NoError", "info": {"reason": "None", "cpv": 100, "rv": 11}, "status": "Charging", "timestamp": "2022-06-18T09:41:05Z", "vendorErrorCode": "", "vendorId": "LGE"}
2022-06-18 09:41:05,969 [INFO    ] <Logger>: charger:412: <<<<<<<<<<수신 DATA<<<<<<<<<<
2022-06-18 09:41:05,969 [INFO    ] <Logger>: charger:413: {}
2022-06-18 09:41:06,484 [INFO    ] <Logger>: charger:480: ====================최종 충전기 내부 변수 상태==================
2022-06-18 09:41:06,484 [INFO    ] <Logger>: charger:481: {'transactionId': '2022061800001336', 'heartbeatInterval': -1, 'vendorId': 'LGE', 'connectorId': '0', 'status': 'Charging', 'errorCode': 'NoError', 'bootNotification_reason': 'PowerUp', 'stopTransaction_reason': None, 'statusNotification_reason': 'None', 'cmeter': 103522, 'meterStart': 103522, 'meterStop': 0, 'idTag': '1010202030306060', 'X-EVC-MDL': 'LGE-123', 'X-EVC-BOX': '115000001010A', 'X-EVC-OS': 'Linux 5.5', 'tariff': None, 'responseFailure': None}
2022-06-18 09:41:06,484 [INFO    ] <Logger>: charger:482: ============================================================
2022-06-18 09:41:06,484 [INFO    ] <Logger>: charger:128: ##################################################
2022-06-18 09:41:06,484 [INFO    ] <Logger>: charger:129: ############# - Request for meterValues
2022-06-18 09:41:06,484 [INFO    ] <Logger>: charger:130: ##################################################
2022-06-18 09:41:06,484 [INFO    ] <Logger>: charger:400: >>>>>>>>>>송신 헤더>>>>>>>>>>
2022-06-18 09:41:06,484 [INFO    ] <Logger>: charger:401: {'Content-type': 'application/json', 'Accept': 'application/json', 'Cache-Control': 'no-cache', 'Pragma': 'no-cache', 'X-EVC-RI': '20220618094103493_card', 'X-EVC-BOX': '115000001010A', 'X-EVC-MDL': 'LGE-123', 'X-EVC-OS': 'Linux 5.5'}
2022-06-18 09:41:06,484 [INFO    ] <Logger>: charger:402: >>>>>>>>>>송신 BODY>>>>>>>>>>
2022-06-18 09:41:06,484 [INFO    ] <Logger>: charger:403: {"connectorId": "0", "transactionId": "2022061800001336", "meterValue": [{"timestamp": "2022-06-18T09:41:06Z", "sampledValue": [{"measurand": "Current.Import", "phase": "L1", "unit": "A", "value": "11.5"}, {"measurand": "Voltage", "phase": "L1", "unit": "V", "value": "219.9"}, {"measurand": "Energy.Active.Import.Register", "unit": "Wh", "value": "1049.0"}, {"measurand": "SoC", "unit": "%", "value": "10"}, {"measurand": "Power.Active.Import", "unit": "W", "value": "-0.2"}]}]}
2022-06-18 09:41:06,563 [INFO    ] <Logger>: charger:412: <<<<<<<<<<수신 DATA<<<<<<<<<<
2022-06-18 09:41:06,563 [INFO    ] <Logger>: charger:413: {}
2022-06-18 09:41:06,563 [INFO    ] <Logger>: charger:128: ##################################################
2022-06-18 09:41:06,563 [INFO    ] <Logger>: charger:129: ############# - Request for meterValues
2022-06-18 09:41:06,563 [INFO    ] <Logger>: charger:130: ##################################################
2022-06-18 09:41:06,563 [INFO    ] <Logger>: charger:400: >>>>>>>>>>송신 헤더>>>>>>>>>>
2022-06-18 09:41:06,563 [INFO    ] <Logger>: charger:401: {'Content-type': 'application/json', 'Accept': 'application/json', 'Cache-Control': 'no-cache', 'Pragma': 'no-cache', 'X-EVC-RI': '20220618094103493_card', 'X-EVC-BOX': '115000001010A', 'X-EVC-MDL': 'LGE-123', 'X-EVC-OS': 'Linux 5.5'}
2022-06-18 09:41:06,563 [INFO    ] <Logger>: charger:402: >>>>>>>>>>송신 BODY>>>>>>>>>>
2022-06-18 09:41:06,563 [INFO    ] <Logger>: charger:403: {"connectorId": "0", "transactionId": "2022061800001336", "meterValue": [{"timestamp": "2022-06-18T09:41:06Z", "sampledValue": [{"measurand": "Current.Import", "phase": "L1", "unit": "A", "value": "11.2"}, {"measurand": "Voltage", "phase": "L1", "unit": "V", "value": "219.1"}, {"measurand": "Energy.Active.Import.Register", "unit": "Wh", "value": "2092.0"}, {"measurand": "SoC", "unit": "%", "value": "10"}, {"measurand": "Power.Active.Import", "unit": "W", "value": "0.6"}]}]}
2022-06-18 09:41:06,656 [INFO    ] <Logger>: charger:412: <<<<<<<<<<수신 DATA<<<<<<<<<<
2022-06-18 09:41:06,656 [INFO    ] <Logger>: charger:413: {}
2022-06-18 09:41:06,656 [INFO    ] <Logger>: charger:128: ##################################################
2022-06-18 09:41:06,656 [INFO    ] <Logger>: charger:129: ############# - Request for meterValues
2022-06-18 09:41:06,656 [INFO    ] <Logger>: charger:130: ##################################################
2022-06-18 09:41:06,656 [INFO    ] <Logger>: charger:400: >>>>>>>>>>송신 헤더>>>>>>>>>>
2022-06-18 09:41:06,656 [INFO    ] <Logger>: charger:401: {'Content-type': 'application/json', 'Accept': 'application/json', 'Cache-Control': 'no-cache', 'Pragma': 'no-cache', 'X-EVC-RI': '20220618094103493_card', 'X-EVC-BOX': '115000001010A', 'X-EVC-MDL': 'LGE-123', 'X-EVC-OS': 'Linux 5.5'}
2022-06-18 09:41:06,656 [INFO    ] <Logger>: charger:402: >>>>>>>>>>송신 BODY>>>>>>>>>>
2022-06-18 09:41:06,656 [INFO    ] <Logger>: charger:403: {"connectorId": "0", "transactionId": "2022061800001336", "meterValue": [{"timestamp": "2022-06-18T09:41:06Z", "sampledValue": [{"measurand": "Current.Import", "phase": "L1", "unit": "A", "value": "11.9"}, {"measurand": "Voltage", "phase": "L1", "unit": "V", "value": "218.4"}, {"measurand": "Energy.Active.Import.Register", "unit": "Wh", "value": "3117.0"}, {"measurand": "SoC", "unit": "%", "value": "10"}, {"measurand": "Power.Active.Import", "unit": "W", "value": "0.2"}]}]}
2022-06-18 09:41:06,750 [INFO    ] <Logger>: charger:412: <<<<<<<<<<수신 DATA<<<<<<<<<<
2022-06-18 09:41:06,750 [INFO    ] <Logger>: charger:413: {}
2022-06-18 09:41:06,750 [INFO    ] <Logger>: charger:128: ##################################################
2022-06-18 09:41:06,750 [INFO    ] <Logger>: charger:129: ############# - Request for meterValues
2022-06-18 09:41:06,750 [INFO    ] <Logger>: charger:130: ##################################################
2022-06-18 09:41:06,750 [INFO    ] <Logger>: charger:400: >>>>>>>>>>송신 헤더>>>>>>>>>>
2022-06-18 09:41:06,750 [INFO    ] <Logger>: charger:401: {'Content-type': 'application/json', 'Accept': 'application/json', 'Cache-Control': 'no-cache', 'Pragma': 'no-cache', 'X-EVC-RI': '20220618094103493_card', 'X-EVC-BOX': '115000001010A', 'X-EVC-MDL': 'LGE-123', 'X-EVC-OS': 'Linux 5.5'}
2022-06-18 09:41:06,750 [INFO    ] <Logger>: charger:402: >>>>>>>>>>송신 BODY>>>>>>>>>>
2022-06-18 09:41:06,750 [INFO    ] <Logger>: charger:403: {"connectorId": "0", "transactionId": "2022061800001336", "meterValue": [{"timestamp": "2022-06-18T09:41:06Z", "sampledValue": [{"measurand": "Current.Import", "phase": "L1", "unit": "A", "value": "11.4"}, {"measurand": "Voltage", "phase": "L1", "unit": "V", "value": "217.4"}, {"measurand": "Energy.Active.Import.Register", "unit": "Wh", "value": "4117.0"}, {"measurand": "SoC", "unit": "%", "value": "10"}, {"measurand": "Power.Active.Import", "unit": "W", "value": "0.1"}]}]}
2022-06-18 09:41:06,828 [INFO    ] <Logger>: charger:412: <<<<<<<<<<수신 DATA<<<<<<<<<<
2022-06-18 09:41:06,828 [INFO    ] <Logger>: charger:413: {}
2022-06-18 09:41:06,828 [INFO    ] <Logger>: charger:128: ##################################################
2022-06-18 09:41:06,828 [INFO    ] <Logger>: charger:129: ############# - Request for meterValues
2022-06-18 09:41:06,828 [INFO    ] <Logger>: charger:130: ##################################################
2022-06-18 09:41:06,843 [INFO    ] <Logger>: charger:400: >>>>>>>>>>송신 헤더>>>>>>>>>>
2022-06-18 09:41:06,843 [INFO    ] <Logger>: charger:401: {'Content-type': 'application/json', 'Accept': 'application/json', 'Cache-Control': 'no-cache', 'Pragma': 'no-cache', 'X-EVC-RI': '20220618094103493_card', 'X-EVC-BOX': '115000001010A', 'X-EVC-MDL': 'LGE-123', 'X-EVC-OS': 'Linux 5.5'}
2022-06-18 09:41:06,843 [INFO    ] <Logger>: charger:402: >>>>>>>>>>송신 BODY>>>>>>>>>>
2022-06-18 09:41:06,843 [INFO    ] <Logger>: charger:403: {"connectorId": "0", "transactionId": "2022061800001336", "meterValue": [{"timestamp": "2022-06-18T09:41:06Z", "sampledValue": [{"measurand": "Current.Import", "phase": "L1", "unit": "A", "value": "11.2"}, {"measurand": "Voltage", "phase": "L1", "unit": "V", "value": "217.0"}, {"measurand": "Energy.Active.Import.Register", "unit": "Wh", "value": "5159.0"}, {"measurand": "SoC", "unit": "%", "value": "10"}, {"measurand": "Power.Active.Import", "unit": "W", "value": "0.6"}]}]}
2022-06-18 09:41:06,921 [INFO    ] <Logger>: charger:412: <<<<<<<<<<수신 DATA<<<<<<<<<<
2022-06-18 09:41:06,921 [INFO    ] <Logger>: charger:413: {}
2022-06-18 09:41:06,921 [INFO    ] <Logger>: charger:128: ##################################################
2022-06-18 09:41:06,921 [INFO    ] <Logger>: charger:129: ############# - Request for meterValues
2022-06-18 09:41:06,921 [INFO    ] <Logger>: charger:130: ##################################################
2022-06-18 09:41:06,921 [INFO    ] <Logger>: charger:400: >>>>>>>>>>송신 헤더>>>>>>>>>>
2022-06-18 09:41:06,921 [INFO    ] <Logger>: charger:401: {'Content-type': 'application/json', 'Accept': 'application/json', 'Cache-Control': 'no-cache', 'Pragma': 'no-cache', 'X-EVC-RI': '20220618094103493_card', 'X-EVC-BOX': '115000001010A', 'X-EVC-MDL': 'LGE-123', 'X-EVC-OS': 'Linux 5.5'}
2022-06-18 09:41:06,921 [INFO    ] <Logger>: charger:402: >>>>>>>>>>송신 BODY>>>>>>>>>>
2022-06-18 09:41:06,921 [INFO    ] <Logger>: charger:403: {"connectorId": "0", "transactionId": "2022061800001336", "meterValue": [{"timestamp": "2022-06-18T09:41:06Z", "sampledValue": [{"measurand": "Current.Import", "phase": "L1", "unit": "A", "value": "11.6"}, {"measurand": "Voltage", "phase": "L1", "unit": "V", "value": "217.3"}, {"measurand": "Energy.Active.Import.Register", "unit": "Wh", "value": "6170.0"}, {"measurand": "SoC", "unit": "%", "value": "10"}, {"measurand": "Power.Active.Import", "unit": "W", "value": "0.8"}]}]}
2022-06-18 09:41:07,015 [INFO    ] <Logger>: charger:412: <<<<<<<<<<수신 DATA<<<<<<<<<<
2022-06-18 09:41:07,015 [INFO    ] <Logger>: charger:413: {}
2022-06-18 09:41:07,015 [INFO    ] <Logger>: charger:128: ##################################################
2022-06-18 09:41:07,015 [INFO    ] <Logger>: charger:129: ############# - Request for meterValues
2022-06-18 09:41:07,015 [INFO    ] <Logger>: charger:130: ##################################################
2022-06-18 09:41:07,015 [INFO    ] <Logger>: charger:400: >>>>>>>>>>송신 헤더>>>>>>>>>>
2022-06-18 09:41:07,015 [INFO    ] <Logger>: charger:401: {'Content-type': 'application/json', 'Accept': 'application/json', 'Cache-Control': 'no-cache', 'Pragma': 'no-cache', 'X-EVC-RI': '20220618094103493_card', 'X-EVC-BOX': '115000001010A', 'X-EVC-MDL': 'LGE-123', 'X-EVC-OS': 'Linux 5.5'}
2022-06-18 09:41:07,015 [INFO    ] <Logger>: charger:402: >>>>>>>>>>송신 BODY>>>>>>>>>>
2022-06-18 09:41:07,015 [INFO    ] <Logger>: charger:403: {"connectorId": "0", "transactionId": "2022061800001336", "meterValue": [{"timestamp": "2022-06-18T09:41:07Z", "sampledValue": [{"measurand": "Current.Import", "phase": "L1", "unit": "A", "value": "11.6"}, {"measurand": "Voltage", "phase": "L1", "unit": "V", "value": "218.0"}, {"measurand": "Energy.Active.Import.Register", "unit": "Wh", "value": "7192.0"}, {"measurand": "SoC", "unit": "%", "value": "10"}, {"measurand": "Power.Active.Import", "unit": "W", "value": "-0.1"}]}]}
2022-06-18 09:41:07,093 [INFO    ] <Logger>: charger:412: <<<<<<<<<<수신 DATA<<<<<<<<<<
2022-06-18 09:41:07,109 [INFO    ] <Logger>: charger:413: {}
2022-06-18 09:41:07,624 [INFO    ] <Logger>: charger:480: ====================최종 충전기 내부 변수 상태==================
2022-06-18 09:41:07,624 [INFO    ] <Logger>: charger:481: {'transactionId': '2022061800001336', 'heartbeatInterval': -1, 'vendorId': 'LGE', 'connectorId': '0', 'status': 'Charging', 'errorCode': 'NoError', 'bootNotification_reason': 'PowerUp', 'stopTransaction_reason': None, 'statusNotification_reason': 'None', 'cmeter': 110714, 'meterStart': 103522, 'meterStop': 0, 'idTag': '1010202030306060', 'X-EVC-MDL': 'LGE-123', 'X-EVC-BOX': '115000001010A', 'X-EVC-OS': 'Linux 5.5', 'tariff': None, 'responseFailure': None}
2022-06-18 09:41:07,624 [INFO    ] <Logger>: charger:482: ============================================================
2022-06-18 09:41:07,624 [INFO    ] <Logger>: charger:128: ##################################################
2022-06-18 09:41:07,624 [INFO    ] <Logger>: charger:129: ############# - Request for meterValues
2022-06-18 09:41:07,624 [INFO    ] <Logger>: charger:130: ##################################################
2022-06-18 09:41:07,624 [INFO    ] <Logger>: charger:400: >>>>>>>>>>송신 헤더>>>>>>>>>>
2022-06-18 09:41:07,624 [INFO    ] <Logger>: charger:401: {'Content-type': 'application/json', 'Accept': 'application/json', 'Cache-Control': 'no-cache', 'Pragma': 'no-cache', 'X-EVC-RI': '20220618094103493_card', 'X-EVC-BOX': '115000001010A', 'X-EVC-MDL': 'LGE-123', 'X-EVC-OS': 'Linux 5.5'}
2022-06-18 09:41:07,624 [INFO    ] <Logger>: charger:402: >>>>>>>>>>송신 BODY>>>>>>>>>>
2022-06-18 09:41:07,624 [INFO    ] <Logger>: charger:403: {"connectorId": "0", "transactionId": "2022061800001336", "meterValue": [{"timestamp": "2022-06-18T09:41:07Z", "sampledValue": [{"measurand": "Current.Import", "phase": "L1", "unit": "A", "value": "11.6"}, {"measurand": "Voltage", "phase": "L1", "unit": "V", "value": "218.9"}, {"measurand": "Energy.Active.Import.Register", "unit": "Wh", "value": "8231.0"}, {"measurand": "SoC", "unit": "%", "value": "10"}, {"measurand": "Power.Active.Import", "unit": "W", "value": "0.8"}]}]}
2022-06-18 09:41:07,702 [INFO    ] <Logger>: charger:412: <<<<<<<<<<수신 DATA<<<<<<<<<<
2022-06-18 09:41:07,702 [INFO    ] <Logger>: charger:413: {}
2022-06-18 09:41:07,702 [INFO    ] <Logger>: charger:128: ##################################################
2022-06-18 09:41:07,702 [INFO    ] <Logger>: charger:129: ############# - Request for meterValues
2022-06-18 09:41:07,702 [INFO    ] <Logger>: charger:130: ##################################################
2022-06-18 09:41:07,702 [INFO    ] <Logger>: charger:400: >>>>>>>>>>송신 헤더>>>>>>>>>>
2022-06-18 09:41:07,702 [INFO    ] <Logger>: charger:401: {'Content-type': 'application/json', 'Accept': 'application/json', 'Cache-Control': 'no-cache', 'Pragma': 'no-cache', 'X-EVC-RI': '20220618094103493_card', 'X-EVC-BOX': '115000001010A', 'X-EVC-MDL': 'LGE-123', 'X-EVC-OS': 'Linux 5.5'}
2022-06-18 09:41:07,702 [INFO    ] <Logger>: charger:402: >>>>>>>>>>송신 BODY>>>>>>>>>>
2022-06-18 09:41:07,702 [INFO    ] <Logger>: charger:403: {"connectorId": "0", "transactionId": "2022061800001336", "meterValue": [{"timestamp": "2022-06-18T09:41:07Z", "sampledValue": [{"measurand": "Current.Import", "phase": "L1", "unit": "A", "value": "11.2"}, {"measurand": "Voltage", "phase": "L1", "unit": "V", "value": "218.9"}, {"measurand": "Energy.Active.Import.Register", "unit": "Wh", "value": "9261.0"}, {"measurand": "SoC", "unit": "%", "value": "10"}, {"measurand": "Power.Active.Import", "unit": "W", "value": "1.3"}]}]}
2022-06-18 09:41:07,781 [INFO    ] <Logger>: charger:412: <<<<<<<<<<수신 DATA<<<<<<<<<<
2022-06-18 09:41:07,781 [INFO    ] <Logger>: charger:413: {}
2022-06-18 09:41:07,781 [INFO    ] <Logger>: charger:128: ##################################################
2022-06-18 09:41:07,781 [INFO    ] <Logger>: charger:129: ############# - Request for meterValues
2022-06-18 09:41:07,781 [INFO    ] <Logger>: charger:130: ##################################################
2022-06-18 09:41:07,781 [INFO    ] <Logger>: charger:400: >>>>>>>>>>송신 헤더>>>>>>>>>>
2022-06-18 09:41:07,781 [INFO    ] <Logger>: charger:401: {'Content-type': 'application/json', 'Accept': 'application/json', 'Cache-Control': 'no-cache', 'Pragma': 'no-cache', 'X-EVC-RI': '20220618094103493_card', 'X-EVC-BOX': '115000001010A', 'X-EVC-MDL': 'LGE-123', 'X-EVC-OS': 'Linux 5.5'}
2022-06-18 09:41:07,781 [INFO    ] <Logger>: charger:402: >>>>>>>>>>송신 BODY>>>>>>>>>>
2022-06-18 09:41:07,796 [INFO    ] <Logger>: charger:403: {"connectorId": "0", "transactionId": "2022061800001336", "meterValue": [{"timestamp": "2022-06-18T09:41:07Z", "sampledValue": [{"measurand": "Current.Import", "phase": "L1", "unit": "A", "value": "11.2"}, {"measurand": "Voltage", "phase": "L1", "unit": "V", "value": "219.6"}, {"measurand": "Energy.Active.Import.Register", "unit": "Wh", "value": "10277.0"}, {"measurand": "SoC", "unit": "%", "value": "10"}, {"measurand": "Power.Active.Import", "unit": "W", "value": "1.3"}]}]}
2022-06-18 09:41:07,859 [INFO    ] <Logger>: charger:412: <<<<<<<<<<수신 DATA<<<<<<<<<<
2022-06-18 09:41:07,859 [INFO    ] <Logger>: charger:413: {}
2022-06-18 09:41:08,374 [INFO    ] <Logger>: charger:480: ====================최종 충전기 내부 변수 상태==================
2022-06-18 09:41:08,374 [INFO    ] <Logger>: charger:481: {'transactionId': '2022061800001336', 'heartbeatInterval': -1, 'vendorId': 'LGE', 'connectorId': '0', 'status': 'Charging', 'errorCode': 'NoError', 'bootNotification_reason': 'PowerUp', 'stopTransaction_reason': None, 'statusNotification_reason': 'None', 'cmeter': 113799, 'meterStart': 103522, 'meterStop': 0, 'idTag': '1010202030306060', 'X-EVC-MDL': 'LGE-123', 'X-EVC-BOX': '115000001010A', 'X-EVC-OS': 'Linux 5.5', 'tariff': None, 'responseFailure': None}
2022-06-18 09:41:08,374 [INFO    ] <Logger>: charger:482: ============================================================
2022-06-18 09:41:08,374 [INFO    ] <Logger>: charger:128: ##################################################
2022-06-18 09:41:08,374 [INFO    ] <Logger>: charger:129: ############# - Request for meterValues
2022-06-18 09:41:08,374 [INFO    ] <Logger>: charger:130: ##################################################
2022-06-18 09:41:08,374 [INFO    ] <Logger>: charger:400: >>>>>>>>>>송신 헤더>>>>>>>>>>
2022-06-18 09:41:08,374 [INFO    ] <Logger>: charger:401: {'Content-type': 'application/json', 'Accept': 'application/json', 'Cache-Control': 'no-cache', 'Pragma': 'no-cache', 'X-EVC-RI': '20220618094103493_card', 'X-EVC-BOX': '115000001010A', 'X-EVC-MDL': 'LGE-123', 'X-EVC-OS': 'Linux 5.5'}
2022-06-18 09:41:08,374 [INFO    ] <Logger>: charger:402: >>>>>>>>>>송신 BODY>>>>>>>>>>
2022-06-18 09:41:08,374 [INFO    ] <Logger>: charger:403: {"connectorId": "0", "transactionId": "2022061800001336", "meterValue": [{"timestamp": "2022-06-18T09:41:08Z", "sampledValue": [{"measurand": "Current.Import", "phase": "L1", "unit": "A", "value": "10.3"}, {"measurand": "Voltage", "phase": "L1", "unit": "V", "value": "219.2"}, {"measurand": "Energy.Active.Import.Register", "unit": "Wh", "value": "11312.0"}, {"measurand": "SoC", "unit": "%", "value": "10"}, {"measurand": "Power.Active.Import", "unit": "W", "value": "0.9"}]}]}
2022-06-18 09:41:08,468 [INFO    ] <Logger>: charger:412: <<<<<<<<<<수신 DATA<<<<<<<<<<
2022-06-18 09:41:08,468 [INFO    ] <Logger>: charger:413: {}
2022-06-18 09:41:08,468 [INFO    ] <Logger>: charger:128: ##################################################
2022-06-18 09:41:08,468 [INFO    ] <Logger>: charger:129: ############# - Request for meterValues
2022-06-18 09:41:08,468 [INFO    ] <Logger>: charger:130: ##################################################
2022-06-18 09:41:08,468 [INFO    ] <Logger>: charger:400: >>>>>>>>>>송신 헤더>>>>>>>>>>
2022-06-18 09:41:08,468 [INFO    ] <Logger>: charger:401: {'Content-type': 'application/json', 'Accept': 'application/json', 'Cache-Control': 'no-cache', 'Pragma': 'no-cache', 'X-EVC-RI': '20220618094103493_card', 'X-EVC-BOX': '115000001010A', 'X-EVC-MDL': 'LGE-123', 'X-EVC-OS': 'Linux 5.5'}
2022-06-18 09:41:08,468 [INFO    ] <Logger>: charger:402: >>>>>>>>>>송신 BODY>>>>>>>>>>
2022-06-18 09:41:08,468 [INFO    ] <Logger>: charger:403: {"connectorId": "0", "transactionId": "2022061800001336", "meterValue": [{"timestamp": "2022-06-18T09:41:08Z", "sampledValue": [{"measurand": "Current.Import", "phase": "L1", "unit": "A", "value": "10.8"}, {"measurand": "Voltage", "phase": "L1", "unit": "V", "value": "218.7"}, {"measurand": "Energy.Active.Import.Register", "unit": "Wh", "value": "12357.0"}, {"measurand": "SoC", "unit": "%", "value": "10"}, {"measurand": "Power.Active.Import", "unit": "W", "value": "1.4"}]}]}
2022-06-18 09:41:08,562 [INFO    ] <Logger>: charger:412: <<<<<<<<<<수신 DATA<<<<<<<<<<
2022-06-18 09:41:08,562 [INFO    ] <Logger>: charger:413: {}
2022-06-18 09:41:08,562 [INFO    ] <Logger>: charger:128: ##################################################
2022-06-18 09:41:08,562 [INFO    ] <Logger>: charger:129: ############# - Request for meterValues
2022-06-18 09:41:08,562 [INFO    ] <Logger>: charger:130: ##################################################
2022-06-18 09:41:08,562 [INFO    ] <Logger>: charger:400: >>>>>>>>>>송신 헤더>>>>>>>>>>
2022-06-18 09:41:08,562 [INFO    ] <Logger>: charger:401: {'Content-type': 'application/json', 'Accept': 'application/json', 'Cache-Control': 'no-cache', 'Pragma': 'no-cache', 'X-EVC-RI': '20220618094103493_card', 'X-EVC-BOX': '115000001010A', 'X-EVC-MDL': 'LGE-123', 'X-EVC-OS': 'Linux 5.5'}
2022-06-18 09:41:08,562 [INFO    ] <Logger>: charger:402: >>>>>>>>>>송신 BODY>>>>>>>>>>
2022-06-18 09:41:08,562 [INFO    ] <Logger>: charger:403: {"connectorId": "0", "transactionId": "2022061800001336", "meterValue": [{"timestamp": "2022-06-18T09:41:08Z", "sampledValue": [{"measurand": "Current.Import", "phase": "L1", "unit": "A", "value": "10.2"}, {"measurand": "Voltage", "phase": "L1", "unit": "V", "value": "217.8"}, {"measurand": "Energy.Active.Import.Register", "unit": "Wh", "value": "13369.0"}, {"measurand": "SoC", "unit": "%", "value": "10"}, {"measurand": "Power.Active.Import", "unit": "W", "value": "1.7"}]}]}
2022-06-18 09:41:08,671 [INFO    ] <Logger>: charger:412: <<<<<<<<<<수신 DATA<<<<<<<<<<
2022-06-18 09:41:08,671 [INFO    ] <Logger>: charger:413: {}
2022-06-18 09:41:08,671 [INFO    ] <Logger>: charger:128: ##################################################
2022-06-18 09:41:08,671 [INFO    ] <Logger>: charger:129: ############# - Request for meterValues
2022-06-18 09:41:08,671 [INFO    ] <Logger>: charger:130: ##################################################
2022-06-18 09:41:08,671 [INFO    ] <Logger>: charger:400: >>>>>>>>>>송신 헤더>>>>>>>>>>
2022-06-18 09:41:08,671 [INFO    ] <Logger>: charger:401: {'Content-type': 'application/json', 'Accept': 'application/json', 'Cache-Control': 'no-cache', 'Pragma': 'no-cache', 'X-EVC-RI': '20220618094103493_card', 'X-EVC-BOX': '115000001010A', 'X-EVC-MDL': 'LGE-123', 'X-EVC-OS': 'Linux 5.5'}
2022-06-18 09:41:08,671 [INFO    ] <Logger>: charger:402: >>>>>>>>>>송신 BODY>>>>>>>>>>
2022-06-18 09:41:08,671 [INFO    ] <Logger>: charger:403: {"connectorId": "0", "transactionId": "2022061800001336", "meterValue": [{"timestamp": "2022-06-18T09:41:08Z", "sampledValue": [{"measurand": "Current.Import", "phase": "L1", "unit": "A", "value": "9.3"}, {"measurand": "Voltage", "phase": "L1", "unit": "V", "value": "218.2"}, {"measurand": "Energy.Active.Import.Register", "unit": "Wh", "value": "14387.0"}, {"measurand": "SoC", "unit": "%", "value": "10"}, {"measurand": "Power.Active.Import", "unit": "W", "value": "1.9"}]}]}
2022-06-18 09:41:08,765 [INFO    ] <Logger>: charger:412: <<<<<<<<<<수신 DATA<<<<<<<<<<
2022-06-18 09:41:08,765 [INFO    ] <Logger>: charger:413: {}
2022-06-18 09:41:09,265 [INFO    ] <Logger>: charger:480: ====================최종 충전기 내부 변수 상태==================
2022-06-18 09:41:09,265 [INFO    ] <Logger>: charger:481: {'transactionId': '2022061800001336', 'heartbeatInterval': -1, 'vendorId': 'LGE', 'connectorId': '0', 'status': 'Charging', 'errorCode': 'NoError', 'bootNotification_reason': 'PowerUp', 'stopTransaction_reason': None, 'statusNotification_reason': 'None', 'cmeter': 117909, 'meterStart': 103522, 'meterStop': 0, 'idTag': '1010202030306060', 'X-EVC-MDL': 'LGE-123', 'X-EVC-BOX': '115000001010A', 'X-EVC-OS': 'Linux 5.5', 'tariff': None, 'responseFailure': None}
2022-06-18 09:41:09,265 [INFO    ] <Logger>: charger:482: ============================================================
2022-06-18 09:41:09,265 [INFO    ] <Logger>: charger:128: ##################################################
2022-06-18 09:41:09,265 [INFO    ] <Logger>: charger:129: ############# - Request for meterValues
2022-06-18 09:41:09,265 [INFO    ] <Logger>: charger:130: ##################################################
2022-06-18 09:41:09,265 [INFO    ] <Logger>: charger:400: >>>>>>>>>>송신 헤더>>>>>>>>>>
2022-06-18 09:41:09,265 [INFO    ] <Logger>: charger:401: {'Content-type': 'application/json', 'Accept': 'application/json', 'Cache-Control': 'no-cache', 'Pragma': 'no-cache', 'X-EVC-RI': '20220618094103493_card', 'X-EVC-BOX': '115000001010A', 'X-EVC-MDL': 'LGE-123', 'X-EVC-OS': 'Linux 5.5'}
2022-06-18 09:41:09,265 [INFO    ] <Logger>: charger:402: >>>>>>>>>>송신 BODY>>>>>>>>>>
2022-06-18 09:41:09,265 [INFO    ] <Logger>: charger:403: {"connectorId": "0", "transactionId": "2022061800001336", "meterValue": [{"timestamp": "2022-06-18T09:41:09Z", "sampledValue": [{"measurand": "Current.Import", "phase": "L1", "unit": "A", "value": "9.7"}, {"measurand": "Voltage", "phase": "L1", "unit": "V", "value": "217.5"}, {"measurand": "Energy.Active.Import.Register", "unit": "Wh", "value": "15389.0"}, {"measurand": "SoC", "unit": "%", "value": "10"}, {"measurand": "Power.Active.Import", "unit": "W", "value": "2.4"}]}]}
2022-06-18 09:41:09,358 [INFO    ] <Logger>: charger:412: <<<<<<<<<<수신 DATA<<<<<<<<<<
2022-06-18 09:41:09,358 [INFO    ] <Logger>: charger:413: {}
2022-06-18 09:41:09,871 [INFO    ] <Logger>: charger:480: ====================최종 충전기 내부 변수 상태==================
2022-06-18 09:41:09,871 [INFO    ] <Logger>: charger:481: {'transactionId': '2022061800001336', 'heartbeatInterval': -1, 'vendorId': 'LGE', 'connectorId': '0', 'status': 'Charging', 'errorCode': 'NoError', 'bootNotification_reason': 'PowerUp', 'stopTransaction_reason': None, 'statusNotification_reason': 'None', 'cmeter': 118911, 'meterStart': 103522, 'meterStop': 0, 'idTag': '1010202030306060', 'X-EVC-MDL': 'LGE-123', 'X-EVC-BOX': '115000001010A', 'X-EVC-OS': 'Linux 5.5', 'tariff': None, 'responseFailure': None}
2022-06-18 09:41:09,871 [INFO    ] <Logger>: charger:482: ============================================================
2022-06-18 09:41:09,871 [INFO    ] <Logger>: charger:128: ##################################################
2022-06-18 09:41:09,871 [INFO    ] <Logger>: charger:129: ############# - Request for meterValues
2022-06-18 09:41:09,871 [INFO    ] <Logger>: charger:130: ##################################################
2022-06-18 09:41:09,871 [INFO    ] <Logger>: charger:400: >>>>>>>>>>송신 헤더>>>>>>>>>>
2022-06-18 09:41:09,871 [INFO    ] <Logger>: charger:401: {'Content-type': 'application/json', 'Accept': 'application/json', 'Cache-Control': 'no-cache', 'Pragma': 'no-cache', 'X-EVC-RI': '20220618094103493_card', 'X-EVC-BOX': '115000001010A', 'X-EVC-MDL': 'LGE-123', 'X-EVC-OS': 'Linux 5.5'}
2022-06-18 09:41:09,871 [INFO    ] <Logger>: charger:402: >>>>>>>>>>송신 BODY>>>>>>>>>>
2022-06-18 09:41:09,871 [INFO    ] <Logger>: charger:403: {"connectorId": "0", "transactionId": "2022061800001336", "meterValue": [{"timestamp": "2022-06-18T09:41:09Z", "sampledValue": [{"measurand": "Current.Import", "phase": "L1", "unit": "A", "value": "10.4"}, {"measurand": "Voltage", "phase": "L1", "unit": "V", "value": "218.2"}, {"measurand": "Energy.Active.Import.Register", "unit": "Wh", "value": "16403.0"}, {"measurand": "SoC", "unit": "%", "value": "10"}, {"measurand": "Power.Active.Import", "unit": "W", "value": "3.3"}]}]}
2022-06-18 09:41:09,949 [INFO    ] <Logger>: charger:412: <<<<<<<<<<수신 DATA<<<<<<<<<<
2022-06-18 09:41:09,949 [INFO    ] <Logger>: charger:413: {}
2022-06-18 09:41:09,949 [INFO    ] <Logger>: charger:128: ##################################################
2022-06-18 09:41:09,949 [INFO    ] <Logger>: charger:129: ############# - Request for meterValues
2022-06-18 09:41:09,965 [INFO    ] <Logger>: charger:130: ##################################################
2022-06-18 09:41:09,965 [INFO    ] <Logger>: charger:400: >>>>>>>>>>송신 헤더>>>>>>>>>>
2022-06-18 09:41:09,965 [INFO    ] <Logger>: charger:401: {'Content-type': 'application/json', 'Accept': 'application/json', 'Cache-Control': 'no-cache', 'Pragma': 'no-cache', 'X-EVC-RI': '20220618094103493_card', 'X-EVC-BOX': '115000001010A', 'X-EVC-MDL': 'LGE-123', 'X-EVC-OS': 'Linux 5.5'}
2022-06-18 09:41:09,965 [INFO    ] <Logger>: charger:402: >>>>>>>>>>송신 BODY>>>>>>>>>>
2022-06-18 09:41:09,965 [INFO    ] <Logger>: charger:403: {"connectorId": "0", "transactionId": "2022061800001336", "meterValue": [{"timestamp": "2022-06-18T09:41:09Z", "sampledValue": [{"measurand": "Current.Import", "phase": "L1", "unit": "A", "value": "9.8"}, {"measurand": "Voltage", "phase": "L1", "unit": "V", "value": "217.6"}, {"measurand": "Energy.Active.Import.Register", "unit": "Wh", "value": "17412.0"}, {"measurand": "SoC", "unit": "%", "value": "10"}, {"measurand": "Power.Active.Import", "unit": "W", "value": "2.9"}]}]}
2022-06-18 09:41:10,043 [INFO    ] <Logger>: charger:412: <<<<<<<<<<수신 DATA<<<<<<<<<<
2022-06-18 09:41:10,043 [INFO    ] <Logger>: charger:413: {}
2022-06-18 09:41:10,043 [INFO    ] <Logger>: charger:128: ##################################################
2022-06-18 09:41:10,043 [INFO    ] <Logger>: charger:129: ############# - Request for meterValues
2022-06-18 09:41:10,043 [INFO    ] <Logger>: charger:130: ##################################################
2022-06-18 09:41:10,043 [INFO    ] <Logger>: charger:400: >>>>>>>>>>송신 헤더>>>>>>>>>>
2022-06-18 09:41:10,043 [INFO    ] <Logger>: charger:401: {'Content-type': 'application/json', 'Accept': 'application/json', 'Cache-Control': 'no-cache', 'Pragma': 'no-cache', 'X-EVC-RI': '20220618094103493_card', 'X-EVC-BOX': '115000001010A', 'X-EVC-MDL': 'LGE-123', 'X-EVC-OS': 'Linux 5.5'}
2022-06-18 09:41:10,043 [INFO    ] <Logger>: charger:402: >>>>>>>>>>송신 BODY>>>>>>>>>>
2022-06-18 09:41:10,043 [INFO    ] <Logger>: charger:403: {"connectorId": "0", "transactionId": "2022061800001336", "meterValue": [{"timestamp": "2022-06-18T09:41:10Z", "sampledValue": [{"measurand": "Current.Import", "phase": "L1", "unit": "A", "value": "9.8"}, {"measurand": "Voltage", "phase": "L1", "unit": "V", "value": "216.8"}, {"measurand": "Energy.Active.Import.Register", "unit": "Wh", "value": "18446.0"}, {"measurand": "SoC", "unit": "%", "value": "10"}, {"measurand": "Power.Active.Import", "unit": "W", "value": "2.7"}]}]}
2022-06-18 09:41:10,121 [INFO    ] <Logger>: charger:412: <<<<<<<<<<수신 DATA<<<<<<<<<<
2022-06-18 09:41:10,121 [INFO    ] <Logger>: charger:413: {}
2022-06-18 09:41:10,121 [INFO    ] <Logger>: charger:128: ##################################################
2022-06-18 09:41:10,137 [INFO    ] <Logger>: charger:129: ############# - Request for meterValues
2022-06-18 09:41:10,137 [INFO    ] <Logger>: charger:130: ##################################################
2022-06-18 09:41:10,137 [INFO    ] <Logger>: charger:400: >>>>>>>>>>송신 헤더>>>>>>>>>>
2022-06-18 09:41:10,137 [INFO    ] <Logger>: charger:401: {'Content-type': 'application/json', 'Accept': 'application/json', 'Cache-Control': 'no-cache', 'Pragma': 'no-cache', 'X-EVC-RI': '20220618094103493_card', 'X-EVC-BOX': '115000001010A', 'X-EVC-MDL': 'LGE-123', 'X-EVC-OS': 'Linux 5.5'}
2022-06-18 09:41:10,137 [INFO    ] <Logger>: charger:402: >>>>>>>>>>송신 BODY>>>>>>>>>>
2022-06-18 09:41:10,137 [INFO    ] <Logger>: charger:403: {"connectorId": "0", "transactionId": "2022061800001336", "meterValue": [{"timestamp": "2022-06-18T09:41:10Z", "sampledValue": [{"measurand": "Current.Import", "phase": "L1", "unit": "A", "value": "9.3"}, {"measurand": "Voltage", "phase": "L1", "unit": "V", "value": "216.7"}, {"measurand": "Energy.Active.Import.Register", "unit": "Wh", "value": "19456.0"}, {"measurand": "SoC", "unit": "%", "value": "10"}, {"measurand": "Power.Active.Import", "unit": "W", "value": "1.8"}]}]}
2022-06-18 09:41:10,215 [INFO    ] <Logger>: charger:412: <<<<<<<<<<수신 DATA<<<<<<<<<<
2022-06-18 09:41:10,215 [INFO    ] <Logger>: charger:413: {}
2022-06-18 09:41:10,215 [INFO    ] <Logger>: charger:128: ##################################################
2022-06-18 09:41:10,215 [INFO    ] <Logger>: charger:129: ############# - Request for meterValues
2022-06-18 09:41:10,215 [INFO    ] <Logger>: charger:130: ##################################################
2022-06-18 09:41:10,215 [INFO    ] <Logger>: charger:400: >>>>>>>>>>송신 헤더>>>>>>>>>>
2022-06-18 09:41:10,215 [INFO    ] <Logger>: charger:401: {'Content-type': 'application/json', 'Accept': 'application/json', 'Cache-Control': 'no-cache', 'Pragma': 'no-cache', 'X-EVC-RI': '20220618094103493_card', 'X-EVC-BOX': '115000001010A', 'X-EVC-MDL': 'LGE-123', 'X-EVC-OS': 'Linux 5.5'}
2022-06-18 09:41:10,215 [INFO    ] <Logger>: charger:402: >>>>>>>>>>송신 BODY>>>>>>>>>>
2022-06-18 09:41:10,215 [INFO    ] <Logger>: charger:403: {"connectorId": "0", "transactionId": "2022061800001336", "meterValue": [{"timestamp": "2022-06-18T09:41:10Z", "sampledValue": [{"measurand": "Current.Import", "phase": "L1", "unit": "A", "value": "8.7"}, {"measurand": "Voltage", "phase": "L1", "unit": "V", "value": "217.5"}, {"measurand": "Energy.Active.Import.Register", "unit": "Wh", "value": "20476.0"}, {"measurand": "SoC", "unit": "%", "value": "10"}, {"measurand": "Power.Active.Import", "unit": "W", "value": "2.2"}]}]}
2022-06-18 09:41:10,293 [INFO    ] <Logger>: charger:412: <<<<<<<<<<수신 DATA<<<<<<<<<<
2022-06-18 09:41:10,309 [INFO    ] <Logger>: charger:413: {}
2022-06-18 09:41:10,309 [INFO    ] <Logger>: charger:128: ##################################################
2022-06-18 09:41:10,309 [INFO    ] <Logger>: charger:129: ############# - Request for meterValues
2022-06-18 09:41:10,309 [INFO    ] <Logger>: charger:130: ##################################################
2022-06-18 09:41:10,309 [INFO    ] <Logger>: charger:400: >>>>>>>>>>송신 헤더>>>>>>>>>>
2022-06-18 09:41:10,309 [INFO    ] <Logger>: charger:401: {'Content-type': 'application/json', 'Accept': 'application/json', 'Cache-Control': 'no-cache', 'Pragma': 'no-cache', 'X-EVC-RI': '20220618094103493_card', 'X-EVC-BOX': '115000001010A', 'X-EVC-MDL': 'LGE-123', 'X-EVC-OS': 'Linux 5.5'}
2022-06-18 09:41:10,309 [INFO    ] <Logger>: charger:402: >>>>>>>>>>송신 BODY>>>>>>>>>>
2022-06-18 09:41:10,309 [INFO    ] <Logger>: charger:403: {"connectorId": "0", "transactionId": "2022061800001336", "meterValue": [{"timestamp": "2022-06-18T09:41:10Z", "sampledValue": [{"measurand": "Current.Import", "phase": "L1", "unit": "A", "value": "8.8"}, {"measurand": "Voltage", "phase": "L1", "unit": "V", "value": "216.7"}, {"measurand": "Energy.Active.Import.Register", "unit": "Wh", "value": "21481.0"}, {"measurand": "SoC", "unit": "%", "value": "10"}, {"measurand": "Power.Active.Import", "unit": "W", "value": "1.7"}]}]}
2022-06-18 09:41:10,402 [INFO    ] <Logger>: charger:412: <<<<<<<<<<수신 DATA<<<<<<<<<<
2022-06-18 09:41:10,402 [INFO    ] <Logger>: charger:413: {}
2022-06-18 09:41:10,402 [INFO    ] <Logger>: charger:128: ##################################################
2022-06-18 09:41:10,402 [INFO    ] <Logger>: charger:129: ############# - Request for meterValues
2022-06-18 09:41:10,402 [INFO    ] <Logger>: charger:130: ##################################################
2022-06-18 09:41:10,402 [INFO    ] <Logger>: charger:400: >>>>>>>>>>송신 헤더>>>>>>>>>>
2022-06-18 09:41:10,402 [INFO    ] <Logger>: charger:401: {'Content-type': 'application/json', 'Accept': 'application/json', 'Cache-Control': 'no-cache', 'Pragma': 'no-cache', 'X-EVC-RI': '20220618094103493_card', 'X-EVC-BOX': '115000001010A', 'X-EVC-MDL': 'LGE-123', 'X-EVC-OS': 'Linux 5.5'}
2022-06-18 09:41:10,402 [INFO    ] <Logger>: charger:402: >>>>>>>>>>송신 BODY>>>>>>>>>>
2022-06-18 09:41:10,402 [INFO    ] <Logger>: charger:403: {"connectorId": "0", "transactionId": "2022061800001336", "meterValue": [{"timestamp": "2022-06-18T09:41:10Z", "sampledValue": [{"measurand": "Current.Import", "phase": "L1", "unit": "A", "value": "9.2"}, {"measurand": "Voltage", "phase": "L1", "unit": "V", "value": "216.7"}, {"measurand": "Energy.Active.Import.Register", "unit": "Wh", "value": "22496.0"}, {"measurand": "SoC", "unit": "%", "value": "10"}, {"measurand": "Power.Active.Import", "unit": "W", "value": "1.2"}]}]}
2022-06-18 09:41:10,481 [INFO    ] <Logger>: charger:412: <<<<<<<<<<수신 DATA<<<<<<<<<<
2022-06-18 09:41:10,481 [INFO    ] <Logger>: charger:413: {}
2022-06-18 09:41:10,481 [INFO    ] <Logger>: charger:128: ##################################################
2022-06-18 09:41:10,481 [INFO    ] <Logger>: charger:129: ############# - Request for meterValues
2022-06-18 09:41:10,481 [INFO    ] <Logger>: charger:130: ##################################################
2022-06-18 09:41:10,481 [INFO    ] <Logger>: charger:400: >>>>>>>>>>송신 헤더>>>>>>>>>>
2022-06-18 09:41:10,481 [INFO    ] <Logger>: charger:401: {'Content-type': 'application/json', 'Accept': 'application/json', 'Cache-Control': 'no-cache', 'Pragma': 'no-cache', 'X-EVC-RI': '20220618094103493_card', 'X-EVC-BOX': '115000001010A', 'X-EVC-MDL': 'LGE-123', 'X-EVC-OS': 'Linux 5.5'}
2022-06-18 09:41:10,481 [INFO    ] <Logger>: charger:402: >>>>>>>>>>송신 BODY>>>>>>>>>>
2022-06-18 09:41:10,481 [INFO    ] <Logger>: charger:403: {"connectorId": "0", "transactionId": "2022061800001336", "meterValue": [{"timestamp": "2022-06-18T09:41:10Z", "sampledValue": [{"measurand": "Current.Import", "phase": "L1", "unit": "A", "value": "8.3"}, {"measurand": "Voltage", "phase": "L1", "unit": "V", "value": "215.8"}, {"measurand": "Energy.Active.Import.Register", "unit": "Wh", "value": "23529.0"}, {"measurand": "SoC", "unit": "%", "value": "10"}, {"measurand": "Power.Active.Import", "unit": "W", "value": "0.7"}]}]}
2022-06-18 09:41:10,574 [INFO    ] <Logger>: charger:412: <<<<<<<<<<수신 DATA<<<<<<<<<<
2022-06-18 09:41:10,574 [INFO    ] <Logger>: charger:413: {}
2022-06-18 09:41:11,090 [INFO    ] <Logger>: charger:480: ====================최종 충전기 내부 변수 상태==================
2022-06-18 09:41:11,090 [INFO    ] <Logger>: charger:481: {'transactionId': '2022061800001336', 'heartbeatInterval': -1, 'vendorId': 'LGE', 'connectorId': '0', 'status': 'Charging', 'errorCode': 'NoError', 'bootNotification_reason': 'PowerUp', 'stopTransaction_reason': None, 'statusNotification_reason': 'None', 'cmeter': 127051, 'meterStart': 103522, 'meterStop': 0, 'idTag': '1010202030306060', 'X-EVC-MDL': 'LGE-123', 'X-EVC-BOX': '115000001010A', 'X-EVC-OS': 'Linux 5.5', 'tariff': None, 'responseFailure': None}
2022-06-18 09:41:11,090 [INFO    ] <Logger>: charger:482: ============================================================
2022-06-18 09:41:11,090 [INFO    ] <Logger>: charger:128: ##################################################
2022-06-18 09:41:11,090 [INFO    ] <Logger>: charger:129: ############# - Request for stopTransaction
2022-06-18 09:41:11,090 [INFO    ] <Logger>: charger:130: ##################################################
2022-06-18 09:41:11,090 [INFO    ] <Logger>: charger:400: >>>>>>>>>>송신 헤더>>>>>>>>>>
2022-06-18 09:41:11,090 [INFO    ] <Logger>: charger:401: {'Content-type': 'application/json', 'Accept': 'application/json', 'Cache-Control': 'no-cache', 'Pragma': 'no-cache', 'X-EVC-RI': '20220618094103493_card', 'X-EVC-BOX': '115000001010A', 'X-EVC-MDL': 'LGE-123', 'X-EVC-OS': 'Linux 5.5'}
2022-06-18 09:41:11,090 [INFO    ] <Logger>: charger:402: >>>>>>>>>>송신 BODY>>>>>>>>>>
2022-06-18 09:41:11,090 [INFO    ] <Logger>: charger:403: {"idTag": "1010202030306060", "meterStop": 127051, "reason": "Finished", "timestamp": "2022-06-18T09:41:11Z", "transactionId": "2022061800001336"}
2022-06-18 09:41:11,184 [INFO    ] <Logger>: charger:412: <<<<<<<<<<수신 DATA<<<<<<<<<<
2022-06-18 09:41:11,184 [INFO    ] <Logger>: charger:413: {'idTagInfo': {'status': 'Accepted'}}
2022-06-18 09:41:11,184 [WARNING ] <Logger>: charger:275: No Response Item 'expiryDate'(Optional)
2022-06-18 09:41:11,184 [WARNING ] <Logger>: charger:275: No Response Item 'parentIdTag'(Optional)
2022-06-18 09:41:11,699 [INFO    ] <Logger>: charger:480: ====================최종 충전기 내부 변수 상태==================
2022-06-18 09:41:11,699 [INFO    ] <Logger>: charger:481: {'transactionId': '2022061800001336', 'heartbeatInterval': -1, 'vendorId': 'LGE', 'connectorId': '0', 'status': 'Accepted', 'errorCode': 'NoError', 'bootNotification_reason': 'PowerUp', 'stopTransaction_reason': 'Finished', 'statusNotification_reason': 'None', 'cmeter': 127051, 'meterStart': 103522, 'meterStop': 127051, 'idTag': '1010202030306060', 'X-EVC-MDL': 'LGE-123', 'X-EVC-BOX': '115000001010A', 'X-EVC-OS': 'Linux 5.5', 'tariff': None, 'responseFailure': None}
2022-06-18 09:41:11,699 [INFO    ] <Logger>: charger:482: ============================================================
2022-06-18 09:41:11,699 [INFO    ] <Logger>: charger:128: ##################################################
2022-06-18 09:41:11,699 [INFO    ] <Logger>: charger:129: ############# - Request for statusNotification
2022-06-18 09:41:11,699 [INFO    ] <Logger>: charger:130: ##################################################
2022-06-18 09:41:11,699 [INFO    ] <Logger>: charger:400: >>>>>>>>>>송신 헤더>>>>>>>>>>
2022-06-18 09:41:11,699 [INFO    ] <Logger>: charger:401: {'Content-type': 'application/json', 'Accept': 'application/json', 'Cache-Control': 'no-cache', 'Pragma': 'no-cache', 'X-EVC-RI': '20220618094103493_card', 'X-EVC-BOX': '115000001010A', 'X-EVC-MDL': 'LGE-123', 'X-EVC-OS': 'Linux 5.5'}
2022-06-18 09:41:11,699 [INFO    ] <Logger>: charger:402: >>>>>>>>>>송신 BODY>>>>>>>>>>
2022-06-18 09:41:11,699 [INFO    ] <Logger>: charger:403: {"connectorId": "0", "errorCode": "NoError", "info": {"reason": "None", "cpv": 100, "rv": 11}, "status": "Finishing", "timestamp": "2022-06-18T09:41:11Z", "vendorErrorCode": "", "vendorId": "LGE"}
2022-06-18 09:41:11,777 [INFO    ] <Logger>: charger:412: <<<<<<<<<<수신 DATA<<<<<<<<<<
2022-06-18 09:41:11,777 [INFO    ] <Logger>: charger:413: {}
2022-06-18 09:41:12,277 [INFO    ] <Logger>: charger:480: ====================최종 충전기 내부 변수 상태==================
2022-06-18 09:41:12,277 [INFO    ] <Logger>: charger:481: {'transactionId': '2022061800001336', 'heartbeatInterval': -1, 'vendorId': 'LGE', 'connectorId': '0', 'status': 'Finishing', 'errorCode': 'NoError', 'bootNotification_reason': 'PowerUp', 'stopTransaction_reason': 'Finished', 'statusNotification_reason': 'None', 'cmeter': 127051, 'meterStart': 103522, 'meterStop': 127051, 'idTag': '1010202030306060', 'X-EVC-MDL': 'LGE-123', 'X-EVC-BOX': '115000001010A', 'X-EVC-OS': 'Linux 5.5', 'tariff': None, 'responseFailure': None}
2022-06-18 09:41:12,277 [INFO    ] <Logger>: charger:482: ============================================================
2022-06-18 09:41:12,277 [INFO    ] <Logger>: charger:128: ##################################################
2022-06-18 09:41:12,277 [INFO    ] <Logger>: charger:129: ############# - Request for statusNotification
2022-06-18 09:41:12,277 [INFO    ] <Logger>: charger:130: ##################################################
2022-06-18 09:41:12,277 [INFO    ] <Logger>: charger:400: >>>>>>>>>>송신 헤더>>>>>>>>>>
2022-06-18 09:41:12,277 [INFO    ] <Logger>: charger:401: {'Content-type': 'application/json', 'Accept': 'application/json', 'Cache-Control': 'no-cache', 'Pragma': 'no-cache', 'X-EVC-RI': '20220618094103493_card', 'X-EVC-BOX': '115000001010A', 'X-EVC-MDL': 'LGE-123', 'X-EVC-OS': 'Linux 5.5'}
2022-06-18 09:41:12,277 [INFO    ] <Logger>: charger:402: >>>>>>>>>>송신 BODY>>>>>>>>>>
2022-06-18 09:41:12,277 [INFO    ] <Logger>: charger:403: {"connectorId": "0", "errorCode": "NoError", "info": {"reason": "None", "cpv": 100, "rv": 11}, "status": "Available", "timestamp": "2022-06-18T09:41:12Z", "vendorErrorCode": "", "vendorId": "LGE"}
2022-06-18 09:41:12,339 [INFO    ] <Logger>: charger:412: <<<<<<<<<<수신 DATA<<<<<<<<<<
2022-06-18 09:41:12,339 [INFO    ] <Logger>: charger:413: {}
2022-06-18 09:41:12,855 [INFO    ] <Logger>: charger:480: ====================최종 충전기 내부 변수 상태==================
2022-06-18 09:41:12,855 [INFO    ] <Logger>: charger:481: {'transactionId': '2022061800001336', 'heartbeatInterval': -1, 'vendorId': 'LGE', 'connectorId': '0', 'status': 'Available', 'errorCode': 'NoError', 'bootNotification_reason': 'PowerUp', 'stopTransaction_reason': 'Finished', 'statusNotification_reason': 'None', 'cmeter': 127051, 'meterStart': 103522, 'meterStop': 127051, 'idTag': '1010202030306060', 'X-EVC-MDL': 'LGE-123', 'X-EVC-BOX': '115000001010A', 'X-EVC-OS': 'Linux 5.5', 'tariff': None, 'responseFailure': None}
2022-06-18 09:41:12,855 [INFO    ] <Logger>: charger:482: ============================================================
2022-06-18 09:41:12,855 [INFO    ] <Logger>: charger:128: ##################################################
2022-06-18 09:41:12,855 [INFO    ] <Logger>: charger:129: ############# - Request for dataTransferHeartbeat
2022-06-18 09:41:12,855 [INFO    ] <Logger>: charger:130: ##################################################
2022-06-18 09:41:12,855 [INFO    ] <Logger>: charger:400: >>>>>>>>>>송신 헤더>>>>>>>>>>
2022-06-18 09:41:12,855 [INFO    ] <Logger>: charger:401: {'Content-type': 'application/json', 'Accept': 'application/json', 'Cache-Control': 'no-cache', 'Pragma': 'no-cache', 'X-EVC-RI': '20220618094112855_heartbeat', 'X-EVC-BOX': '115000001010A', 'X-EVC-MDL': 'LGE-123', 'X-EVC-OS': 'Linux 5.5', 'X-EVC-CON': '0'}
2022-06-18 09:41:12,855 [INFO    ] <Logger>: charger:402: >>>>>>>>>>송신 BODY>>>>>>>>>>
2022-06-18 09:41:12,855 [INFO    ] <Logger>: charger:403: {"vendorId": "LGE", "messageId": "heartbeat", "data": {"rssi": 80, "snr": 57, "rsrp": 70}}
2022-06-18 09:41:12,918 [INFO    ] <Logger>: charger:412: <<<<<<<<<<수신 DATA<<<<<<<<<<
2022-06-18 09:41:12,918 [INFO    ] <Logger>: charger:413: {'currentTime': '2022-06-18T00:41:12Z'}
2022-06-18 09:41:12,918 [ERROR   ] <Logger>: charger:272: No Response Item 'status'
2022-06-18 09:41:12,918 [ERROR   ] <Logger>: charger:252: No Response Item 'data'
2022-06-18 09:41:13,433 [INFO    ] <Logger>: charger:480: ====================최종 충전기 내부 변수 상태==================
2022-06-18 09:41:13,433 [INFO    ] <Logger>: charger:481: {'transactionId': '2022061800001336', 'heartbeatInterval': -1, 'vendorId': 'LGE', 'connectorId': '0', 'status': 'Available', 'errorCode': 'NoError', 'bootNotification_reason': 'PowerUp', 'stopTransaction_reason': 'Finished', 'statusNotification_reason': 'None', 'cmeter': 127051, 'meterStart': 103522, 'meterStop': 127051, 'idTag': '1010202030306060', 'X-EVC-MDL': 'LGE-123', 'X-EVC-BOX': '115000001010A', 'X-EVC-OS': 'Linux 5.5', 'tariff': None, 'responseFailure': True}
2022-06-18 09:41:13,433 [INFO    ] <Logger>: charger:482: ============================================================
2022-06-18 09:41:13,433 [INFO    ] <Logger>: charger:128: ##################################################
2022-06-18 09:41:13,433 [INFO    ] <Logger>: charger:129: ############# - Request for dataTransferHeartbeat
2022-06-18 09:41:13,433 [INFO    ] <Logger>: charger:130: ##################################################
2022-06-18 09:41:13,433 [INFO    ] <Logger>: charger:400: >>>>>>>>>>송신 헤더>>>>>>>>>>
2022-06-18 09:41:13,433 [INFO    ] <Logger>: charger:401: {'Content-type': 'application/json', 'Accept': 'application/json', 'Cache-Control': 'no-cache', 'Pragma': 'no-cache', 'X-EVC-RI': '20220618094113433_heartbeat', 'X-EVC-BOX': '115000001010A', 'X-EVC-MDL': 'LGE-123', 'X-EVC-OS': 'Linux 5.5', 'X-EVC-CON': '0'}
2022-06-18 09:41:13,433 [INFO    ] <Logger>: charger:402: >>>>>>>>>>송신 BODY>>>>>>>>>>
2022-06-18 09:41:13,433 [INFO    ] <Logger>: charger:403: {"vendorId": "LGE", "messageId": "heartbeat", "data": {"rssi": 80, "snr": 57, "rsrp": 70}}
2022-06-18 09:41:13,495 [INFO    ] <Logger>: charger:412: <<<<<<<<<<수신 DATA<<<<<<<<<<
2022-06-18 09:41:13,495 [INFO    ] <Logger>: charger:413: {'currentTime': '2022-06-18T00:41:13Z'}
2022-06-18 09:41:13,495 [ERROR   ] <Logger>: charger:272: No Response Item 'status'
2022-06-18 09:41:13,495 [ERROR   ] <Logger>: charger:252: No Response Item 'data'
2022-06-18 09:41:14,011 [INFO    ] <Logger>: charger:480: ====================최종 충전기 내부 변수 상태==================
2022-06-18 09:41:14,011 [INFO    ] <Logger>: charger:481: {'transactionId': '2022061800001336', 'heartbeatInterval': -1, 'vendorId': 'LGE', 'connectorId': '0', 'status': 'Available', 'errorCode': 'NoError', 'bootNotification_reason': 'PowerUp', 'stopTransaction_reason': 'Finished', 'statusNotification_reason': 'None', 'cmeter': 127051, 'meterStart': 103522, 'meterStop': 127051, 'idTag': '1010202030306060', 'X-EVC-MDL': 'LGE-123', 'X-EVC-BOX': '115000001010A', 'X-EVC-OS': 'Linux 5.5', 'tariff': None, 'responseFailure': True}
2022-06-18 09:41:14,011 [INFO    ] <Logger>: charger:482: ============================================================
2022-06-18 09:41:14,011 [INFO    ] <Logger>: charger:128: ##################################################
2022-06-18 09:41:14,011 [INFO    ] <Logger>: charger:129: ############# - Request for dataTransferHeartbeat
2022-06-18 09:41:14,011 [INFO    ] <Logger>: charger:130: ##################################################
2022-06-18 09:41:14,011 [INFO    ] <Logger>: charger:400: >>>>>>>>>>송신 헤더>>>>>>>>>>
2022-06-18 09:41:14,011 [INFO    ] <Logger>: charger:401: {'Content-type': 'application/json', 'Accept': 'application/json', 'Cache-Control': 'no-cache', 'Pragma': 'no-cache', 'X-EVC-RI': '20220618094114011_heartbeat', 'X-EVC-BOX': '115000001010A', 'X-EVC-MDL': 'LGE-123', 'X-EVC-OS': 'Linux 5.5', 'X-EVC-CON': '0'}
2022-06-18 09:41:14,011 [INFO    ] <Logger>: charger:402: >>>>>>>>>>송신 BODY>>>>>>>>>>
2022-06-18 09:41:14,011 [INFO    ] <Logger>: charger:403: {"vendorId": "LGE", "messageId": "heartbeat", "data": {"rssi": 80, "snr": 57, "rsrp": 70}}
2022-06-18 09:41:14,074 [INFO    ] <Logger>: charger:412: <<<<<<<<<<수신 DATA<<<<<<<<<<
2022-06-18 09:41:14,074 [INFO    ] <Logger>: charger:413: {'currentTime': '2022-06-18T00:41:14Z'}
2022-06-18 09:41:14,074 [ERROR   ] <Logger>: charger:272: No Response Item 'status'
2022-06-18 09:41:14,074 [ERROR   ] <Logger>: charger:252: No Response Item 'data'
2022-06-18 09:41:14,589 [INFO    ] <Logger>: charger:480: ====================최종 충전기 내부 변수 상태==================
2022-06-18 09:41:14,589 [INFO    ] <Logger>: charger:481: {'transactionId': '2022061800001336', 'heartbeatInterval': -1, 'vendorId': 'LGE', 'connectorId': '0', 'status': 'Available', 'errorCode': 'NoError', 'bootNotification_reason': 'PowerUp', 'stopTransaction_reason': 'Finished', 'statusNotification_reason': 'None', 'cmeter': 127051, 'meterStart': 103522, 'meterStop': 127051, 'idTag': '1010202030306060', 'X-EVC-MDL': 'LGE-123', 'X-EVC-BOX': '115000001010A', 'X-EVC-OS': 'Linux 5.5', 'tariff': None, 'responseFailure': True}
2022-06-18 09:41:14,589 [INFO    ] <Logger>: charger:482: ============================================================
